<?xml version="1.0" encoding="UTF-8"?>
<testng-results ignored="0" total="1" passed="1" failed="0" skipped="0">
  <reporter-output>
  </reporter-output>
  <suite started-at="2024-07-10T12:02:04 IST" name="Default suite" finished-at="2024-07-10T12:02:04 IST" duration-ms="95">
    <groups>
    </groups>
    <test started-at="2024-07-10T12:02:04 IST" name="Default test" finished-at="2024-07-10T12:02:04 IST" duration-ms="95">
      <class name="Testing.testngTest">
        <test-method signature="sampleTest()[pri:0, instance:Testing.testngTest@4944252c]" started-at="2024-07-10T12:02:04 IST" name="sampleTest" finished-at="2024-07-10T12:02:04 IST" duration-ms="18" status="PASS">
          <reporter-output>
          </reporter-output>
        </test-method> <!-- sampleTest -->
      </class> <!-- Testing.testngTest -->
    </test> <!-- Default test -->
  </suite> <!-- Default suite -->
</testng-results>
